<?xml version="1.0" encoding="UTF-8"?>
<testsuite xmlns:xsi="http://www.w3.org/2001/XMLSchema-instance" xsi:noNamespaceSchemaLocation="https://maven.apache.org/surefire/maven-surefire-plugin/xsd/surefire-test-report-3.0.xsd" version="3.0" name="com.gs.dsa.arrays.TwoSumVariantsTest" time="0.048" tests="2" errors="0" skipped="0" failures="1">
  <properties>
[...]
</properties>
  <testcase name="linearGate" classname="com.gs.dsa.arrays.TwoSumVariantsTest" time="0.04"/>
  <testcase name="correctness" classname="com.gs.dsa.arrays.TwoSumVariantsTest" time="0.004">
    <failure message="&#10;Expecting actual:&#10;  [-2, -2]&#10;to contain exactly (and in same order):&#10;  [0, 1]&#10;but some elements were not found:&#10;  [0, 1]&#10;and others were not expected:&#10;  [-2, -2]&#10;" type="org.opentest4j.AssertionFailedError"><![CDATA[org.opentest4j.AssertionFailedError: 

Expecting actual:
  [-2, -2]
to contain exactly (and in same order):
  [0, 1]
but some elements were not found:
  [0, 1]
and others were not expected:
  [-2, -2]

	at java.base/jdk.internal.reflect.DirectConstructorHandleAccessor.newInstance(DirectConstructorHandleAccessor.java:62)
	at java.base/java.lang.reflect.Constructor.newInstanceWithCaller(Constructor.java:502)
	at com.gs.dsa.arrays.TwoSumVariantsTest.correctness(TwoSumVariantsTest.java:6)
	at java.base/java.lang.reflect.Method.invoke(Method.java:580)
	at java.base/java.util.ArrayList.forEach(ArrayList.java:1596)
	at java.base/java.util.ArrayList.forEach(ArrayList.java:1596)
]]></failure>
  </testcase>
</testsuite>